[2025-04-27 16:20:11] error: Erro ao executar o comando embedbuilder: - DiscordAPIError[40060]: Interaction has already been acknowledged.
    at handleErrors (C:\Users\anton\coding\discord-bot\node_modules\@discordjs\rest\dist\index.js:748:13)
    at process.processTicksAndRejections (node:internal/process/task_queues:105:5)
    at async BurstHandler.runRequest (C:\Users\anton\coding\discord-bot\node_modules\@discordjs\rest\dist\index.js:852:23)
    at async _REST.request (C:\Users\anton\coding\discord-bot\node_modules\@discordjs\rest\dist\index.js:1293:22)
    at async ChatInputCommandInteraction.reply (C:\Users\anton\coding\discord-bot\node_modules\discord.js\src\structures\interfaces\InteractionResponses.js:194:22)
    at async Object.execute (C:\Users\anton\coding\discord-bot\src\commands\utility\embed.js:27:9)
    at async Object.execute (C:\Users\anton\coding\discord-bot\src\events\interactionCreate.js:24:9)
[2025-04-27 16:28:34] error: Erro ao executar o comando embedbuilder: - DiscordAPIError[40060]: Interaction has already been acknowledged.
    at handleErrors (C:\Users\anton\coding\discord-bot\node_modules\@discordjs\rest\dist\index.js:748:13)
    at process.processTicksAndRejections (node:internal/process/task_queues:105:5)
    at async BurstHandler.runRequest (C:\Users\anton\coding\discord-bot\node_modules\@discordjs\rest\dist\index.js:852:23)
    at async _REST.request (C:\Users\anton\coding\discord-bot\node_modules\@discordjs\rest\dist\index.js:1293:22)
    at async ChatInputCommandInteraction.reply (C:\Users\anton\coding\discord-bot\node_modules\discord.js\src\structures\interfaces\InteractionResponses.js:194:22)
    at async Object.execute (C:\Users\anton\coding\discord-bot\src\commands\utility\embed.js:27:9)
    at async Object.execute (C:\Users\anton\coding\discord-bot\src\events\interactionCreate.js:24:9)
[2025-04-27 16:30:32] error: Erro ao executar o comando embedbuilder: - DiscordAPIError[40060]: Interaction has already been acknowledged.
    at handleErrors (C:\Users\anton\coding\discord-bot\node_modules\@discordjs\rest\dist\index.js:748:13)
    at process.processTicksAndRejections (node:internal/process/task_queues:105:5)
    at async BurstHandler.runRequest (C:\Users\anton\coding\discord-bot\node_modules\@discordjs\rest\dist\index.js:852:23)
    at async _REST.request (C:\Users\anton\coding\discord-bot\node_modules\@discordjs\rest\dist\index.js:1293:22)
    at async ChatInputCommandInteraction.reply (C:\Users\anton\coding\discord-bot\node_modules\discord.js\src\structures\interfaces\InteractionResponses.js:194:22)
    at async Object.execute (C:\Users\anton\coding\discord-bot\src\commands\utility\embed.js:27:9)
    at async Object.execute (C:\Users\anton\coding\discord-bot\src\events\interactionCreate.js:24:9)
[2025-04-27 16:50:19] error: Erro ao executar o comando help: - DiscordAPIError[40060]: Interaction has already been acknowledged.
    at handleErrors (C:\Users\anton\coding\discord-bot\node_modules\@discordjs\rest\dist\index.js:748:13)
    at process.processTicksAndRejections (node:internal/process/task_queues:105:5)
    at async BurstHandler.runRequest (C:\Users\anton\coding\discord-bot\node_modules\@discordjs\rest\dist\index.js:852:23)
    at async _REST.request (C:\Users\anton\coding\discord-bot\node_modules\@discordjs\rest\dist\index.js:1293:22)
    at async ChatInputCommandInteraction.reply (C:\Users\anton\coding\discord-bot\node_modules\discord.js\src\structures\interfaces\InteractionResponses.js:194:22)
    at async Object.execute (C:\Users\anton\coding\discord-bot\src\commands\utility\help.js:76:5)
    at async Object.execute (C:\Users\anton\coding\discord-bot\src\events\interactionCreate.js:24:9)
[2025-04-27 17:03:07] error: Erro ao executar o comando setwelcome: - DiscordAPIError[10062]: Unknown interaction
    at handleErrors (C:\Users\anton\coding\discord-bot\node_modules\@discordjs\rest\dist\index.js:748:13)
    at process.processTicksAndRejections (node:internal/process/task_queues:105:5)
    at async BurstHandler.runRequest (C:\Users\anton\coding\discord-bot\node_modules\@discordjs\rest\dist\index.js:852:23)
    at async _REST.request (C:\Users\anton\coding\discord-bot\node_modules\@discordjs\rest\dist\index.js:1293:22)
    at async ChatInputCommandInteraction.reply (C:\Users\anton\coding\discord-bot\node_modules\discord.js\src\structures\interfaces\InteractionResponses.js:194:22)
    at async Object.execute (C:\Users\anton\coding\discord-bot\src\commands\moderation\setwelcome.js:21:5)
    at async Object.execute (C:\Users\anton\coding\discord-bot\src\events\interactionCreate.js:24:9)
[2025-04-27 17:03:08] error: Erro ao responder com o embed de erro: - DiscordAPIError[40060]: Interaction has already been acknowledged.
    at handleErrors (C:\Users\anton\coding\discord-bot\node_modules\@discordjs\rest\dist\index.js:748:13)
    at process.processTicksAndRejections (node:internal/process/task_queues:105:5)
    at async BurstHandler.runRequest (C:\Users\anton\coding\discord-bot\node_modules\@discordjs\rest\dist\index.js:852:23)
    at async _REST.request (C:\Users\anton\coding\discord-bot\node_modules\@discordjs\rest\dist\index.js:1293:22)
    at async ChatInputCommandInteraction.reply (C:\Users\anton\coding\discord-bot\node_modules\discord.js\src\structures\interfaces\InteractionResponses.js:194:22)
    at async client.handleError (C:\Users\anton\coding\discord-bot\src\handlers\erroHandler.js:31:9)
[2025-04-27 17:11:03] error: Erro ao executar o comando setwelcome: - DiscordAPIError[40060]: Interaction has already been acknowledged.
    at handleErrors (C:\Users\anton\coding\discord-bot\node_modules\@discordjs\rest\dist\index.js:748:13)
    at process.processTicksAndRejections (node:internal/process/task_queues:105:5)
    at async BurstHandler.runRequest (C:\Users\anton\coding\discord-bot\node_modules\@discordjs\rest\dist\index.js:852:23)
    at async _REST.request (C:\Users\anton\coding\discord-bot\node_modules\@discordjs\rest\dist\index.js:1293:22)
    at async ChatInputCommandInteraction.reply (C:\Users\anton\coding\discord-bot\node_modules\discord.js\src\structures\interfaces\InteractionResponses.js:194:22)
    at async Object.execute (C:\Users\anton\coding\discord-bot\src\commands\moderation\setwelcome.js:37:9)
    at async Object.execute (C:\Users\anton\coding\discord-bot\src\events\interactionCreate.js:24:9)
[2025-04-27 17:24:49] error: Erro ao executar o comando clear: - DiscordAPIError[10062]: Unknown interaction
    at handleErrors (C:\Users\anton\coding\discord-bot\node_modules\@discordjs\rest\dist\index.js:748:13)
    at process.processTicksAndRejections (node:internal/process/task_queues:105:5)
    at async BurstHandler.runRequest (C:\Users\anton\coding\discord-bot\node_modules\@discordjs\rest\dist\index.js:852:23)
    at async _REST.request (C:\Users\anton\coding\discord-bot\node_modules\@discordjs\rest\dist\index.js:1293:22)
    at async ChatInputCommandInteraction.deferReply (C:\Users\anton\coding\discord-bot\node_modules\discord.js\src\structures\interfaces\InteractionResponses.js:123:22)
    at async Object.execute (C:\Users\anton\coding\discord-bot\src\commands\moderation\clear.js:42:5)
    at async Object.execute (C:\Users\anton\coding\discord-bot\src\events\interactionCreate.js:24:9)
[2025-04-27 17:24:49] error: Erro ao responder com o embed de erro: - DiscordAPIError[40060]: Interaction has already been acknowledged.
    at handleErrors (C:\Users\anton\coding\discord-bot\node_modules\@discordjs\rest\dist\index.js:748:13)
    at process.processTicksAndRejections (node:internal/process/task_queues:105:5)
    at async BurstHandler.runRequest (C:\Users\anton\coding\discord-bot\node_modules\@discordjs\rest\dist\index.js:852:23)
    at async _REST.request (C:\Users\anton\coding\discord-bot\node_modules\@discordjs\rest\dist\index.js:1293:22)
    at async ChatInputCommandInteraction.reply (C:\Users\anton\coding\discord-bot\node_modules\discord.js\src\structures\interfaces\InteractionResponses.js:194:22)
    at async client.handleError (C:\Users\anton\coding\discord-bot\src\handlers\erroHandler.js:31:9)
[2025-04-27 17:28:23] error: Erro ao executar o comando kick: - Error [InteractionAlreadyReplied]: The reply to this interaction has already been sent or deferred.
    at ChatInputCommandInteraction.reply (C:\Users\anton\coding\discord-bot\node_modules\discord.js\src\structures\interfaces\InteractionResponses.js:163:46)
    at Object.execute (C:\Users\anton\coding\discord-bot\src\commands\moderation\kick.js:104:25)
    at process.processTicksAndRejections (node:internal/process/task_queues:105:5)
    at async Object.execute (C:\Users\anton\coding\discord-bot\src\events\interactionCreate.js:24:9)
[2025-04-27 17:49:15] error: Erro ao executar o comando restart: - DiscordAPIError[10062]: Unknown interaction
    at handleErrors (C:\Users\anton\coding\discord-bot\node_modules\@discordjs\rest\dist\index.js:748:13)
    at process.processTicksAndRejections (node:internal/process/task_queues:105:5)
    at async BurstHandler.runRequest (C:\Users\anton\coding\discord-bot\node_modules\@discordjs\rest\dist\index.js:852:23)
    at async _REST.request (C:\Users\anton\coding\discord-bot\node_modules\@discordjs\rest\dist\index.js:1293:22)
    at async ChatInputCommandInteraction.reply (C:\Users\anton\coding\discord-bot\node_modules\discord.js\src\structures\interfaces\InteractionResponses.js:194:22)
    at async Object.execute (C:\Users\anton\coding\discord-bot\src\events\interactionCreate.js:24:9)
[2025-04-27 17:49:15] error: Erro ao responder com o embed de erro: - DiscordAPIError[40060]: Interaction has already been acknowledged.
    at handleErrors (C:\Users\anton\coding\discord-bot\node_modules\@discordjs\rest\dist\index.js:748:13)
    at process.processTicksAndRejections (node:internal/process/task_queues:105:5)
    at async BurstHandler.runRequest (C:\Users\anton\coding\discord-bot\node_modules\@discordjs\rest\dist\index.js:852:23)
    at async _REST.request (C:\Users\anton\coding\discord-bot\node_modules\@discordjs\rest\dist\index.js:1293:22)
    at async ChatInputCommandInteraction.reply (C:\Users\anton\coding\discord-bot\node_modules\discord.js\src\structures\interfaces\InteractionResponses.js:194:22)
    at async client.handleError (C:\Users\anton\coding\discord-bot\src\handlers\erroHandler.js:31:9)
[2025-04-27 17:50:45] error: Erro ao executar o comando restart: - DiscordAPIError[10062]: Unknown interaction
    at handleErrors (C:\Users\anton\coding\discord-bot\node_modules\@discordjs\rest\dist\index.js:748:13)
    at process.processTicksAndRejections (node:internal/process/task_queues:105:5)
    at async BurstHandler.runRequest (C:\Users\anton\coding\discord-bot\node_modules\@discordjs\rest\dist\index.js:852:23)
    at async _REST.request (C:\Users\anton\coding\discord-bot\node_modules\@discordjs\rest\dist\index.js:1293:22)
    at async ChatInputCommandInteraction.reply (C:\Users\anton\coding\discord-bot\node_modules\discord.js\src\structures\interfaces\InteractionResponses.js:194:22)
    at async Object.execute (C:\Users\anton\coding\discord-bot\src\commands\admin\restart.js:45:22)
    at async Object.execute (C:\Users\anton\coding\discord-bot\src\events\interactionCreate.js:24:9)
[2025-04-27 17:50:45] error: Erro ao responder com o embed de erro: - DiscordAPIError[40060]: Interaction has already been acknowledged.
    at handleErrors (C:\Users\anton\coding\discord-bot\node_modules\@discordjs\rest\dist\index.js:748:13)
    at process.processTicksAndRejections (node:internal/process/task_queues:105:5)
    at async BurstHandler.runRequest (C:\Users\anton\coding\discord-bot\node_modules\@discordjs\rest\dist\index.js:852:23)
    at async _REST.request (C:\Users\anton\coding\discord-bot\node_modules\@discordjs\rest\dist\index.js:1293:22)
    at async ChatInputCommandInteraction.reply (C:\Users\anton\coding\discord-bot\node_modules\discord.js\src\structures\interfaces\InteractionResponses.js:194:22)
    at async client.handleError (C:\Users\anton\coding\discord-bot\src\handlers\erroHandler.js:31:9)
[2025-04-27 17:51:23] error: Erro ao executar o comando restart: - DiscordAPIError[10062]: Unknown interaction
    at handleErrors (C:\Users\anton\coding\discord-bot\node_modules\@discordjs\rest\dist\index.js:748:13)
    at process.processTicksAndRejections (node:internal/process/task_queues:105:5)
    at async BurstHandler.runRequest (C:\Users\anton\coding\discord-bot\node_modules\@discordjs\rest\dist\index.js:852:23)
    at async _REST.request (C:\Users\anton\coding\discord-bot\node_modules\@discordjs\rest\dist\index.js:1293:22)
    at async ChatInputCommandInteraction.reply (C:\Users\anton\coding\discord-bot\node_modules\discord.js\src\structures\interfaces\InteractionResponses.js:194:22)
    at async Object.execute (C:\Users\anton\coding\discord-bot\src\commands\admin\restart.js:45:22)
    at async Object.execute (C:\Users\anton\coding\discord-bot\src\events\interactionCreate.js:24:9)
[2025-04-27 17:51:24] error: Erro ao responder com o embed de erro: - DiscordAPIError[40060]: Interaction has already been acknowledged.
    at handleErrors (C:\Users\anton\coding\discord-bot\node_modules\@discordjs\rest\dist\index.js:748:13)
    at process.processTicksAndRejections (node:internal/process/task_queues:105:5)
    at async BurstHandler.runRequest (C:\Users\anton\coding\discord-bot\node_modules\@discordjs\rest\dist\index.js:852:23)
    at async _REST.request (C:\Users\anton\coding\discord-bot\node_modules\@discordjs\rest\dist\index.js:1293:22)
    at async ChatInputCommandInteraction.reply (C:\Users\anton\coding\discord-bot\node_modules\discord.js\src\structures\interfaces\InteractionResponses.js:194:22)
    at async client.handleError (C:\Users\anton\coding\discord-bot\src\handlers\erroHandler.js:31:9)
[2025-04-27 17:51:57] error: Erro ao executar o comando embedbuilder: - DiscordAPIError[40060]: Interaction has already been acknowledged.
    at handleErrors (C:\Users\anton\coding\discord-bot\node_modules\@discordjs\rest\dist\index.js:748:13)
    at process.processTicksAndRejections (node:internal/process/task_queues:105:5)
    at async BurstHandler.runRequest (C:\Users\anton\coding\discord-bot\node_modules\@discordjs\rest\dist\index.js:852:23)
    at async _REST.request (C:\Users\anton\coding\discord-bot\node_modules\@discordjs\rest\dist\index.js:1293:22)
    at async ChatInputCommandInteraction.reply (C:\Users\anton\coding\discord-bot\node_modules\discord.js\src\structures\interfaces\InteractionResponses.js:194:22)
    at async Object.execute (C:\Users\anton\coding\discord-bot\src\commands\utility\embed.js:27:9)
    at async Object.execute (C:\Users\anton\coding\discord-bot\src\events\interactionCreate.js:24:9)
[2025-04-27 17:56:22] error: Erro ao executar o comando 8ball: - DiscordAPIError[10062]: Unknown interaction
    at handleErrors (C:\Users\anton\coding\discord-bot\node_modules\@discordjs\rest\dist\index.js:748:13)
    at process.processTicksAndRejections (node:internal/process/task_queues:105:5)
    at async BurstHandler.runRequest (C:\Users\anton\coding\discord-bot\node_modules\@discordjs\rest\dist\index.js:852:23)
    at async _REST.request (C:\Users\anton\coding\discord-bot\node_modules\@discordjs\rest\dist\index.js:1293:22)
    at async ChatInputCommandInteraction.reply (C:\Users\anton\coding\discord-bot\node_modules\discord.js\src\structures\interfaces\InteractionResponses.js:194:22)
    at async Object.execute (C:\Users\anton\coding\discord-bot\src\commands\gaming\8ball.js:82:5)
    at async Object.execute (C:\Users\anton\coding\discord-bot\src\events\interactionCreate.js:24:9)
[2025-04-27 17:56:22] error: Erro ao responder com o embed de erro: - DiscordAPIError[40060]: Interaction has already been acknowledged.
    at handleErrors (C:\Users\anton\coding\discord-bot\node_modules\@discordjs\rest\dist\index.js:748:13)
    at process.processTicksAndRejections (node:internal/process/task_queues:105:5)
    at async BurstHandler.runRequest (C:\Users\anton\coding\discord-bot\node_modules\@discordjs\rest\dist\index.js:852:23)
    at async _REST.request (C:\Users\anton\coding\discord-bot\node_modules\@discordjs\rest\dist\index.js:1293:22)
    at async ChatInputCommandInteraction.reply (C:\Users\anton\coding\discord-bot\node_modules\discord.js\src\structures\interfaces\InteractionResponses.js:194:22)
    at async client.handleError (C:\Users\anton\coding\discord-bot\src\handlers\erroHandler.js:31:9)
[2025-04-27 17:56:31] error: Erro ao executar o comando 8ball: - DiscordAPIError[10062]: Unknown interaction
    at handleErrors (C:\Users\anton\coding\discord-bot\node_modules\@discordjs\rest\dist\index.js:748:13)
    at process.processTicksAndRejections (node:internal/process/task_queues:105:5)
    at async BurstHandler.runRequest (C:\Users\anton\coding\discord-bot\node_modules\@discordjs\rest\dist\index.js:852:23)
    at async _REST.request (C:\Users\anton\coding\discord-bot\node_modules\@discordjs\rest\dist\index.js:1293:22)
    at async ChatInputCommandInteraction.reply (C:\Users\anton\coding\discord-bot\node_modules\discord.js\src\structures\interfaces\InteractionResponses.js:194:22)
    at async Object.execute (C:\Users\anton\coding\discord-bot\src\commands\gaming\8ball.js:82:5)
    at async Object.execute (C:\Users\anton\coding\discord-bot\src\events\interactionCreate.js:24:9)
[2025-04-27 17:56:32] error: Erro ao responder com o embed de erro: - DiscordAPIError[40060]: Interaction has already been acknowledged.
    at handleErrors (C:\Users\anton\coding\discord-bot\node_modules\@discordjs\rest\dist\index.js:748:13)
    at process.processTicksAndRejections (node:internal/process/task_queues:105:5)
    at async BurstHandler.runRequest (C:\Users\anton\coding\discord-bot\node_modules\@discordjs\rest\dist\index.js:852:23)
    at async _REST.request (C:\Users\anton\coding\discord-bot\node_modules\@discordjs\rest\dist\index.js:1293:22)
    at async ChatInputCommandInteraction.reply (C:\Users\anton\coding\discord-bot\node_modules\discord.js\src\structures\interfaces\InteractionResponses.js:194:22)
    at async client.handleError (C:\Users\anton\coding\discord-bot\src\handlers\erroHandler.js:31:9)
[2025-04-27 17:56:45] error: Erro ao executar o comando 8ball: - DiscordAPIError[10062]: Unknown interaction
    at handleErrors (C:\Users\anton\coding\discord-bot\node_modules\@discordjs\rest\dist\index.js:748:13)
    at process.processTicksAndRejections (node:internal/process/task_queues:105:5)
    at async BurstHandler.runRequest (C:\Users\anton\coding\discord-bot\node_modules\@discordjs\rest\dist\index.js:852:23)
    at async _REST.request (C:\Users\anton\coding\discord-bot\node_modules\@discordjs\rest\dist\index.js:1293:22)
    at async ChatInputCommandInteraction.reply (C:\Users\anton\coding\discord-bot\node_modules\discord.js\src\structures\interfaces\InteractionResponses.js:194:22)
    at async Object.execute (C:\Users\anton\coding\discord-bot\src\commands\gaming\8ball.js:82:5)
    at async Object.execute (C:\Users\anton\coding\discord-bot\src\events\interactionCreate.js:24:9)
[2025-04-27 17:56:45] error: Erro ao responder com o embed de erro: - DiscordAPIError[40060]: Interaction has already been acknowledged.
    at handleErrors (C:\Users\anton\coding\discord-bot\node_modules\@discordjs\rest\dist\index.js:748:13)
    at process.processTicksAndRejections (node:internal/process/task_queues:105:5)
    at async BurstHandler.runRequest (C:\Users\anton\coding\discord-bot\node_modules\@discordjs\rest\dist\index.js:852:23)
    at async _REST.request (C:\Users\anton\coding\discord-bot\node_modules\@discordjs\rest\dist\index.js:1293:22)
    at async ChatInputCommandInteraction.reply (C:\Users\anton\coding\discord-bot\node_modules\discord.js\src\structures\interfaces\InteractionResponses.js:194:22)
    at async client.handleError (C:\Users\anton\coding\discord-bot\src\handlers\erroHandler.js:31:9)
[2025-04-27 18:14:43] error: Erro ao executar o comando vip: - DiscordAPIError[10062]: Unknown interaction
    at handleErrors (C:\Users\anton\coding\discord-bot\node_modules\@discordjs\rest\dist\index.js:748:13)
    at process.processTicksAndRejections (node:internal/process/task_queues:105:5)
    at async BurstHandler.runRequest (C:\Users\anton\coding\discord-bot\node_modules\@discordjs\rest\dist\index.js:852:23)
    at async _REST.request (C:\Users\anton\coding\discord-bot\node_modules\@discordjs\rest\dist\index.js:1293:22)
    at async ChatInputCommandInteraction.reply (C:\Users\anton\coding\discord-bot\node_modules\discord.js\src\structures\interfaces\InteractionResponses.js:194:22)
    at async Object.execute (C:\Users\anton\coding\discord-bot\src\events\interactionCreate.js:30:9)
[2025-04-27 18:14:43] error: Erro ao responder com o embed de erro: - DiscordAPIError[40060]: Interaction has already been acknowledged.
    at handleErrors (C:\Users\anton\coding\discord-bot\node_modules\@discordjs\rest\dist\index.js:748:13)
    at process.processTicksAndRejections (node:internal/process/task_queues:105:5)
    at async BurstHandler.runRequest (C:\Users\anton\coding\discord-bot\node_modules\@discordjs\rest\dist\index.js:852:23)
    at async _REST.request (C:\Users\anton\coding\discord-bot\node_modules\@discordjs\rest\dist\index.js:1293:22)
    at async ChatInputCommandInteraction.reply (C:\Users\anton\coding\discord-bot\node_modules\discord.js\src\structures\interfaces\InteractionResponses.js:194:22)
    at async client.handleError (C:\Users\anton\coding\discord-bot\src\handlers\erroHandler.js:31:9)
[2025-04-27 18:14:51] error: Erro ao executar o comando vip: - DiscordAPIError[10062]: Unknown interaction
    at handleErrors (C:\Users\anton\coding\discord-bot\node_modules\@discordjs\rest\dist\index.js:748:13)
    at process.processTicksAndRejections (node:internal/process/task_queues:105:5)
    at async BurstHandler.runRequest (C:\Users\anton\coding\discord-bot\node_modules\@discordjs\rest\dist\index.js:852:23)
    at async _REST.request (C:\Users\anton\coding\discord-bot\node_modules\@discordjs\rest\dist\index.js:1293:22)
    at async ChatInputCommandInteraction.reply (C:\Users\anton\coding\discord-bot\node_modules\discord.js\src\structures\interfaces\InteractionResponses.js:194:22)
    at async Object.execute (C:\Users\anton\coding\discord-bot\src\events\interactionCreate.js:30:9)
[2025-04-27 18:14:51] error: Erro ao responder com o embed de erro: - DiscordAPIError[40060]: Interaction has already been acknowledged.
    at handleErrors (C:\Users\anton\coding\discord-bot\node_modules\@discordjs\rest\dist\index.js:748:13)
    at process.processTicksAndRejections (node:internal/process/task_queues:105:5)
    at async BurstHandler.runRequest (C:\Users\anton\coding\discord-bot\node_modules\@discordjs\rest\dist\index.js:852:23)
    at async _REST.request (C:\Users\anton\coding\discord-bot\node_modules\@discordjs\rest\dist\index.js:1293:22)
    at async ChatInputCommandInteraction.reply (C:\Users\anton\coding\discord-bot\node_modules\discord.js\src\structures\interfaces\InteractionResponses.js:194:22)
    at async client.handleError (C:\Users\anton\coding\discord-bot\src\handlers\erroHandler.js:31:9)
[2025-04-28 03:41:45] error: Erro ao executar o comando fivemstatus: - TypeError: Cannot read properties of undefined (reading 'permissions')
    at Object.execute (C:\Users\anton\coding\discord-bot\src\commands\fivem\fivemstatus.js:20:33)
    at Object.execute (C:\Users\anton\coding\discord-bot\src\events\interactionCreate.js:30:23)
    at process.processTicksAndRejections (node:internal/process/task_queues:105:5)
[2025-04-28 03:44:18] error: Erro ao executar o comando fivemstatus: - TypeError: interaction.reply is not a function
    at Object.execute (C:\Users\anton\coding\discord-bot\src\commands\fivem\fivemstatus.js:21:32)
    at Object.execute (C:\Users\anton\coding\discord-bot\src\events\interactionCreate.js:30:23)
    at process.processTicksAndRejections (node:internal/process/task_queues:105:5)
[2025-04-28 03:46:02] error: Erro ao executar o comando fivemstatus: - DiscordAPIError[40060]: Interaction has already been acknowledged.
    at handleErrors (C:\Users\anton\coding\discord-bot\node_modules\@discordjs\rest\dist\index.js:748:13)
    at process.processTicksAndRejections (node:internal/process/task_queues:105:5)
    at async BurstHandler.runRequest (C:\Users\anton\coding\discord-bot\node_modules\@discordjs\rest\dist\index.js:852:23)
    at async _REST.request (C:\Users\anton\coding\discord-bot\node_modules\@discordjs\rest\dist\index.js:1293:22)
    at async ChatInputCommandInteraction.deferReply (C:\Users\anton\coding\discord-bot\node_modules\discord.js\src\structures\interfaces\InteractionResponses.js:123:22)
    at async Object.execute (C:\Users\anton\coding\discord-bot\src\commands\fivem\fivemstatus.js:24:9)
    at async Object.execute (C:\Users\anton\coding\discord-bot\src\events\interactionCreate.js:30:9)
[2025-04-28 03:46:29] error: Erro ao executar o comando fivemconfig: - TypeError: Cannot read properties of undefined (reading 'permissions')
    at Object.execute (C:\Users\anton\coding\discord-bot\src\commands\fivem\fivemconfig.js:60:33)
    at Object.execute (C:\Users\anton\coding\discord-bot\src\events\interactionCreate.js:30:23)
    at process.processTicksAndRejections (node:internal/process/task_queues:105:5)
[2025-04-28 03:46:30] error: Erro ao responder com o embed de erro: - DiscordAPIError[10062]: Unknown interaction
    at handleErrors (C:\Users\anton\coding\discord-bot\node_modules\@discordjs\rest\dist\index.js:748:13)
    at process.processTicksAndRejections (node:internal/process/task_queues:105:5)
    at async BurstHandler.runRequest (C:\Users\anton\coding\discord-bot\node_modules\@discordjs\rest\dist\index.js:852:23)
    at async _REST.request (C:\Users\anton\coding\discord-bot\node_modules\@discordjs\rest\dist\index.js:1293:22)
    at async ChatInputCommandInteraction.reply (C:\Users\anton\coding\discord-bot\node_modules\discord.js\src\structures\interfaces\InteractionResponses.js:194:22)
    at async client.handleError (C:\Users\anton\coding\discord-bot\src\handlers\erroHandler.js:31:9)
[2025-04-28 04:01:55] error: Erro ao executar o comando fivemconnect: - Error: Invalid URL protocol
    at C:\Users\anton\coding\discord-bot\node_modules\@sapphire\shapeshift\dist\cjs\index.cjs:2410:75
    at Object.run (C:\Users\anton\coding\discord-bot\node_modules\@sapphire\shapeshift\dist\cjs\index.cjs:2492:33)
    at C:\Users\anton\coding\discord-bot\node_modules\@sapphire\shapeshift\dist\cjs\index.cjs:972:67
    at Array.reduce (<anonymous>)
    at _StringValidator.parse (C:\Users\anton\coding\discord-bot\node_modules\@sapphire\shapeshift\dist\cjs\index.cjs:972:29)
    at ButtonBuilder.setURL (C:\Users\anton\coding\discord-bot\node_modules\@discordjs\builders\dist\index.js:684:34)
    at Object.execute (C:\Users\anton\coding\discord-bot\src\commands\fivem\connect.js:65:18)
    at process.processTicksAndRejections (node:internal/process/task_queues:105:5)
    at async Object.execute (C:\Users\anton\coding\discord-bot\src\events\interactionCreate.js:30:9)
[2025-04-28 04:04:55] error: Erro ao executar o comando fivemconnect: - DiscordAPIError[10062]: Unknown interaction
    at handleErrors (C:\Users\anton\coding\discord-bot\node_modules\@discordjs\rest\dist\index.js:748:13)
    at process.processTicksAndRejections (node:internal/process/task_queues:105:5)
    at async BurstHandler.runRequest (C:\Users\anton\coding\discord-bot\node_modules\@discordjs\rest\dist\index.js:852:23)
    at async _REST.request (C:\Users\anton\coding\discord-bot\node_modules\@discordjs\rest\dist\index.js:1293:22)
    at async ChatInputCommandInteraction.deferReply (C:\Users\anton\coding\discord-bot\node_modules\discord.js\src\structures\interfaces\InteractionResponses.js:123:22)
    at async Object.execute (C:\Users\anton\coding\discord-bot\src\commands\fivem\connect.js:30:9)
    at async Object.execute (C:\Users\anton\coding\discord-bot\src\events\interactionCreate.js:30:9)
[2025-04-28 04:04:55] error: Erro ao responder com o embed de erro: - DiscordAPIError[40060]: Interaction has already been acknowledged.
    at handleErrors (C:\Users\anton\coding\discord-bot\node_modules\@discordjs\rest\dist\index.js:748:13)
    at process.processTicksAndRejections (node:internal/process/task_queues:105:5)
    at async BurstHandler.runRequest (C:\Users\anton\coding\discord-bot\node_modules\@discordjs\rest\dist\index.js:852:23)
    at async _REST.request (C:\Users\anton\coding\discord-bot\node_modules\@discordjs\rest\dist\index.js:1293:22)
    at async ChatInputCommandInteraction.reply (C:\Users\anton\coding\discord-bot\node_modules\discord.js\src\structures\interfaces\InteractionResponses.js:194:22)
    at async client.handleError (C:\Users\anton\coding\discord-bot\src\handlers\erroHandler.js:31:9)
[2025-04-28 14:53:05] error: Erro ao executar o comando blur: - TypeError: Class constructor CooldownUtil cannot be invoked without 'new'
    at Object.execute (C:\Users\anton\coding\discord-bot\src\commands\fun\blur.js:12:17)
    at Object.execute (C:\Users\anton\coding\discord-bot\src\events\interactionCreate.js:30:23)
    at process.processTicksAndRejections (node:internal/process/task_queues:105:5)
[2025-04-28 14:55:11] error: Erro ao executar o comando caption: - TypeError: canvas.encode is not a function
    at Object.execute (C:\Users\anton\coding\discord-bot\src\commands\fun\caption.js:30:59)
    at process.processTicksAndRejections (node:internal/process/task_queues:105:5)
    at async Object.execute (C:\Users\anton\coding\discord-bot\src\events\interactionCreate.js:30:9)
[2025-04-28 14:55:11] error: Erro ao responder com o embed de erro: - DiscordAPIError[10062]: Unknown interaction
    at handleErrors (C:\Users\anton\coding\discord-bot\node_modules\@discordjs\rest\dist\index.js:748:13)
    at process.processTicksAndRejections (node:internal/process/task_queues:105:5)
    at async BurstHandler.runRequest (C:\Users\anton\coding\discord-bot\node_modules\@discordjs\rest\dist\index.js:852:23)
    at async _REST.request (C:\Users\anton\coding\discord-bot\node_modules\@discordjs\rest\dist\index.js:1293:22)
    at async ChatInputCommandInteraction.reply (C:\Users\anton\coding\discord-bot\node_modules\discord.js\src\structures\interfaces\InteractionResponses.js:194:22)
    at async client.handleError (C:\Users\anton\coding\discord-bot\src\handlers\erroHandler.js:31:9)
